#
# A fatal error has been detected by the Java Runtime Environment:
#
#  EXCEPTION_ILLEGAL_INSTRUCTION (0xc000001d) at pc=0x0000000053f08000, pid=2280, tid=0x0000000000001f48
#
# JRE version: OpenJDK Runtime Environment (Zulu 8.46.0.19-CA-win64) (8.0_252-b14) (build 1.8.0_252-b14)
# Java VM: OpenJDK 64-Bit Server VM (25.252-b14 mixed mode windows-amd64 compressed oops)
# Problematic frame:
# V  [jvm.dll+0x458000]
#
# Failed to write core dump. Minidumps are not enabled by default on client versions of Windows
#
# If you would like to submit a bug report, please visit:
#   http://www.azulsystems.com/support/
#

---------------  T H R E A D  ---------------

Current thread (0x0000000017e9c800):  JavaThread "C1 CompilerThread1" daemon [_thread_in_native, id=8008, stack(0x0000000018170000,0x0000000018270000)]

siginfo: ExceptionCode=0xc000001d

Registers:
RAX=0x0000000017f8a540, RBX=0x0000000000000000, RCX=0x0000000017f8a540, RDX=0x000000001826ee30
RSP=0x000000001826ea88, RBP=0x0000000000000002, RSI=0x0000000017f8a210, RDI=0x0000000017f89ce0
R8 =0x0000000017f89ce0, R9 =0x000000001826ec00, R10=0x0000000000000000, R11=0x0000000000000000
R12=0x000000001826eb70, R13=0x0000000000000000, R14=0x00000000169de8e0, R15=0x00000000169de920
RIP=0x0000000053f08000, EFLAGS=0x0000000000010247

Top of Stack: (sp=0x000000001826ea88)
0x000000001826ea88:   0000000053f0d699 0000000000000000
0x000000001826ea98:   0000000053b7ba6b 000000b100000001
0x000000001826eaa8:   0000000017f8a100 00000000169de010
0x000000001826eab8:   00000000ffffffff 000000001826eb70
0x000000001826eac8:   0000000053ef77d0 000000001826eb60
0x000000001826ead8:   0000000000000000 0000000017f8a210
0x000000001826eae8:   0000000017f8a100 0000000017f8a450
0x000000001826eaf8:   0000000053ee355d 000000001826ee30
0x000000001826eb08:   0000000000000000 00000000542ab160
0x000000001826eb18:   0000000053ef68e0 0000000017f80000
0x000000001826eb28:   0000000000000000 0000000017f8a210
0x000000001826eb38:   000000001826ec00 000000001826ebe0
0x000000001826eb48:   0000000053ef8ef7 0000000000000000
0x000000001826eb58:   0000000000000008 000000005412f758
0x000000001826eb68:   0000000000000002 000000005412f748
0x000000001826eb78:   000000001826ee30 000000001c5eba80 

Instructions: (pc=0x0000000053f08000)
0x0000000053f07fe0:   00 00 00 00 00 00 00 00 00 00 00 00 00 00 00 00
0x0000000053f07ff0:   00 00 00 00 00 00 00 00 00 00 00 00 00 00 00 00
0x0000000053f08000:   ff ff ff 66 89 43 12 48 89 43 18 89 43 24 48 89
0x0000000053f08010:   43 28 48 8d 05 af ff 22 00 48 89 4b 30 48 89 03 


Register to memory mapping:

RAX=0x0000000017f8a540 is an unknown value
RBX=0x0000000000000000 is an unknown value
RCX=0x0000000017f8a540 is an unknown value
RDX=0x000000001826ee30 is pointing into the stack for thread: 0x0000000017e9c800
RSP=0x000000001826ea88 is pointing into the stack for thread: 0x0000000017e9c800
RBP=0x0000000000000002 is an unknown value
RSI=0x0000000017f8a210 is an unknown value
RDI=0x0000000017f89ce0 is an unknown value
R8 =0x0000000017f89ce0 is an unknown value
R9 =0x000000001826ec00 is pointing into the stack for thread: 0x0000000017e9c800
R10=0x0000000000000000 is an unknown value
R11=0x0000000000000000 is an unknown value
R12=0x000000001826eb70 is pointing into the stack for thread: 0x0000000017e9c800
R13=0x0000000000000000 is an unknown value
R14=0x00000000169de8e0 is an unknown value
R15=0x00000000169de920 is an unknown value


Stack: [0x0000000018170000,0x0000000018270000],  sp=0x000000001826ea88,  free space=1018k
Native frames: (J=compiled Java code, j=interpreted, Vv=VM code, C=native code)
V  [jvm.dll+0x458000]
C  0x00000000169de010


Current CompileTask:
C1: 397556 7368       1       org.apache.catalina.valves.ValveBase::backgroundProcess (1 bytes)


---------------  P R O C E S S  ---------------

Java Threads: ( => current thread )
  0x000000001a9ec000 JavaThread "DestroyJavaVM" [_thread_blocked, id=2812, stack(0x0000000002ea0000,0x0000000002fa0000)]
  0x000000001a9eb800 JavaThread "http-nio-8090-Acceptor" daemon [_thread_in_native, id=5156, stack(0x000000001f2a0000,0x000000001f3a0000)]
  0x000000001a9e3800 JavaThread "http-nio-8090-ClientPoller" daemon [_thread_in_native, id=2320, stack(0x000000001f1a0000,0x000000001f2a0000)]
  0x000000001a9ea800 JavaThread "http-nio-8090-exec-10" daemon [_thread_blocked, id=5912, stack(0x000000001f0a0000,0x000000001f1a0000)]
  0x000000001a9e9800 JavaThread "http-nio-8090-exec-9" daemon [_thread_blocked, id=8032, stack(0x000000001efa0000,0x000000001f0a0000)]
  0x000000001a9e9000 JavaThread "http-nio-8090-exec-8" daemon [_thread_blocked, id=5436, stack(0x000000001eea0000,0x000000001efa0000)]
  0x000000001a9e6800 JavaThread "http-nio-8090-exec-7" daemon [_thread_blocked, id=1156, stack(0x000000001eda0000,0x000000001eea0000)]
  0x000000001a9e1000 JavaThread "http-nio-8090-exec-6" daemon [_thread_blocked, id=7228, stack(0x000000001eca0000,0x000000001eda0000)]
  0x000000001a9e2800 JavaThread "http-nio-8090-exec-5" daemon [_thread_blocked, id=7904, stack(0x000000001eba0000,0x000000001eca0000)]
  0x000000001a9e8000 JavaThread "http-nio-8090-exec-4" daemon [_thread_blocked, id=8012, stack(0x000000001eaa0000,0x000000001eba0000)]
  0x000000001a9e0800 JavaThread "http-nio-8090-exec-3" daemon [_thread_blocked, id=7492, stack(0x000000001e9a0000,0x000000001eaa0000)]
  0x000000001a9e7800 JavaThread "http-nio-8090-exec-2" daemon [_thread_blocked, id=3492, stack(0x000000001e8a0000,0x000000001e9a0000)]
  0x000000001a9e2000 JavaThread "http-nio-8090-exec-1" daemon [_thread_blocked, id=8104, stack(0x000000001e7a0000,0x000000001e8a0000)]
  0x000000001a7e6800 JavaThread "http-nio-8090-BlockPoller" daemon [_thread_in_native, id=7300, stack(0x000000001e6a0000,0x000000001e7a0000)]
  0x000000001a7e3800 JavaThread "HikariPool-1 housekeeper" daemon [_thread_blocked, id=5684, stack(0x000000001d8a0000,0x000000001d9a0000)]
  0x000000001a7e5800 JavaThread "PostgreSQL-JDBC-SharedTimer-1" daemon [_thread_blocked, id=7664, stack(0x000000001d5a0000,0x000000001d6a0000)]
  0x000000001a605800 JavaThread "container-0" [_thread_blocked, id=6156, stack(0x000000001bcd0000,0x000000001bdd0000)]
  0x000000001a604800 JavaThread "Catalina-utility-2" [_thread_blocked, id=7200, stack(0x000000001bbd0000,0x000000001bcd0000)]
  0x000000001a604000 JavaThread "Catalina-utility-1" [_thread_blocked, id=7984, stack(0x000000001bad0000,0x000000001bbd0000)]
  0x0000000019e68000 JavaThread "RMI Scheduler(0)" daemon [_thread_blocked, id=6628, stack(0x000000001add0000,0x000000001aed0000)]
  0x0000000018796000 JavaThread "RMI TCP Accept-0" daemon [_thread_in_native, id=5732, stack(0x0000000018eb0000,0x0000000018fb0000)]
  0x0000000017e58000 JavaThread "Service Thread" daemon [_thread_blocked, id=2204, stack(0x0000000018270000,0x0000000018370000)]
=>0x0000000017e9c800 JavaThread "C1 CompilerThread1" daemon [_thread_in_native, id=8008, stack(0x0000000018170000,0x0000000018270000)]
  0x00000000169db000 JavaThread "C2 CompilerThread0" daemon [_thread_blocked, id=2460, stack(0x0000000018070000,0x0000000018170000)]
  0x0000000016963800 JavaThread "JDWP Command Reader" daemon [_thread_in_native, id=1244, stack(0x0000000017b70000,0x0000000017c70000)]
  0x000000001695e800 JavaThread "JDWP Event Helper Thread" daemon [_thread_blocked, id=2732, stack(0x0000000017a70000,0x0000000017b70000)]
  0x000000001695c000 JavaThread "JDWP Transport Listener: dt_socket" daemon [_thread_blocked, id=7460, stack(0x0000000017970000,0x0000000017a70000)]
  0x000000001694a800 JavaThread "Attach Listener" daemon [_thread_blocked, id=4752, stack(0x0000000017870000,0x0000000017970000)]
  0x0000000016947000 JavaThread "Signal Dispatcher" daemon [_thread_blocked, id=5832, stack(0x0000000017770000,0x0000000017870000)]
  0x000000000309a000 JavaThread "Finalizer" daemon [_thread_blocked, id=4740, stack(0x0000000017570000,0x0000000017670000)]
  0x0000000016927000 JavaThread "Reference Handler" daemon [_thread_blocked, id=6612, stack(0x0000000017470000,0x0000000017570000)]

Other Threads:
  0x0000000016905800 VMThread [stack: 0x0000000017370000,0x0000000017470000] [id=2192]
  0x00000000187a7800 WatcherThread [stack: 0x0000000018fb0000,0x00000000190b0000] [id=2080]

VM state:not at safepoint (normal execution)

VM Mutex/Monitor currently owned by a thread: None

heap address: 0x00000000a0800000, size: 1528 MB, Compressed Oops mode: 32-bit
Narrow klass base: 0x0000000000000000, Narrow klass shift: 3
Compressed class space size: 1073741824 Address: 0x0000000100000000

Heap:
 PSYoungGen      total 277504K, used 207438K [0x00000000e0300000, 0x00000000f3400000, 0x0000000100000000)
  eden space 258560K, 80% used [0x00000000e0300000,0x00000000ecd93b98,0x00000000eff80000)
  from space 18944K, 0% used [0x00000000f1200000,0x00000000f1200000,0x00000000f2480000)
  to   space 18944K, 0% used [0x00000000eff80000,0x00000000eff80000,0x00000000f1200000)
 ParOldGen       total 98304K, used 25642K [0x00000000a0800000, 0x00000000a6800000, 0x00000000e0300000)
  object space 98304K, 26% used [0x00000000a0800000,0x00000000a210a810,0x00000000a6800000)
 Metaspace       used 65644K, capacity 69560K, committed 69632K, reserved 1110016K
  class space    used 9310K, capacity 9967K, committed 9984K, reserved 1048576K

Card table byte_map: [0x0000000012620000,0x0000000012920000] byte_map_base: 0x000000001211c000

Marking Bits: (ParMarkBitMap*) 0x00000000542ea9c0
 Begin Bits: [0x0000000012d20000, 0x0000000014500000)
 End Bits:   [0x0000000014500000, 0x0000000015ce0000)

Polling page: 0x0000000000dc0000

CodeCache: size=245760Kb used=13331Kb max_used=13331Kb free=232428Kb
 bounds [0x0000000003260000, 0x0000000003f70000, 0x0000000012260000]
 total_blobs=7847 nmethods=7242 adapters=524
 compilation: enabled

Compilation events (10 events):
Event: 311.700 Thread 0x0000000017e9c800 nmethod 7363 0x0000000003f659d0 code [0x0000000003f65b60, 0x0000000003f65f38]
Event: 311.700 Thread 0x0000000017e9c800 7364       1       java.util.concurrent.ScheduledThreadPoolExecutor$ScheduledFutureTask::setNextRunTime (38 bytes)
Event: 311.700 Thread 0x0000000017e9c800 nmethod 7364 0x0000000003f66150 code [0x0000000003f662c0, 0x0000000003f664c8]
Event: 312.699 Thread 0x0000000017e9c800 7365       1       java.util.concurrent.ScheduledThreadPoolExecutor::reExecutePeriodic (51 bytes)
Event: 312.700 Thread 0x0000000017e9c800 nmethod 7365 0x0000000003f665d0 code [0x0000000003f66760, 0x0000000003f66a48]
Event: 347.421 Thread 0x0000000017e9c800 7366       1       org.apache.catalina.webresources.CachedResource::getNextCheck (5 bytes)
Event: 347.421 Thread 0x0000000017e9c800 nmethod 7366 0x0000000003f66c10 code [0x0000000003f66d60, 0x0000000003f66e70]
Event: 347.421 Thread 0x0000000017e9c800 7367       1       org.apache.catalina.core.ContainerBase::getBackgroundProcessorDelay (5 bytes)
Event: 347.421 Thread 0x0000000017e9c800 nmethod 7367 0x0000000003f66ed0 code [0x0000000003f67020, 0x0000000003f67130]
Event: 397.541 Thread 0x0000000017e9c800 7368       1       org.apache.catalina.valves.ValveBase::backgroundProcess (1 bytes)

GC Heap History (10 events):
Event: 9.024 GC heap before
{Heap before GC invocations=11 (full 2):
 PSYoungGen      total 164864K, used 10726K [0x00000000e0300000, 0x00000000ee480000, 0x0000000100000000)
  eden space 154112K, 0% used [0x00000000e0300000,0x00000000e0300000,0x00000000e9980000)
  from space 10752K, 99% used [0x00000000e9980000,0x00000000ea3f9910,0x00000000ea400000)
  to   space 13312K, 0% used [0x00000000ed780000,0x00000000ed780000,0x00000000ee480000)
 ParOldGen       total 46080K, used 12937K [0x00000000a0800000, 0x00000000a3500000, 0x00000000e0300000)
  object space 46080K, 28% used [0x00000000a0800000,0x00000000a14a2770,0x00000000a3500000)
 Metaspace       used 33382K, capacity 35412K, committed 35456K, reserved 1079296K
  class space    used 4591K, capacity 4982K, committed 4992K, reserved 1048576K
Event: 9.141 GC heap after
Heap after GC invocations=11 (full 2):
 PSYoungGen      total 164864K, used 0K [0x00000000e0300000, 0x00000000ee480000, 0x0000000100000000)
  eden space 154112K, 0% used [0x00000000e0300000,0x00000000e0300000,0x00000000e9980000)
  from space 10752K, 0% used [0x00000000e9980000,0x00000000e9980000,0x00000000ea400000)
  to   space 13312K, 0% used [0x00000000ed780000,0x00000000ed780000,0x00000000ee480000)
 ParOldGen       total 73216K, used 19121K [0x00000000a0800000, 0x00000000a4f80000, 0x00000000e0300000)
  object space 73216K, 26% used [0x00000000a0800000,0x00000000a1aac6b0,0x00000000a4f80000)
 Metaspace       used 33382K, capacity 35412K, committed 35456K, reserved 1079296K
  class space    used 4591K, capacity 4982K, committed 4992K, reserved 1048576K
}
Event: 10.473 GC heap before
{Heap before GC invocations=12 (full 2):
 PSYoungGen      total 164864K, used 154112K [0x00000000e0300000, 0x00000000ee480000, 0x0000000100000000)
  eden space 154112K, 100% used [0x00000000e0300000,0x00000000e9980000,0x00000000e9980000)
  from space 10752K, 0% used [0x00000000e9980000,0x00000000e9980000,0x00000000ea400000)
  to   space 13312K, 0% used [0x00000000ed780000,0x00000000ed780000,0x00000000ee480000)
 ParOldGen       total 73216K, used 19121K [0x00000000a0800000, 0x00000000a4f80000, 0x00000000e0300000)
  object space 73216K, 26% used [0x00000000a0800000,0x00000000a1aac6b0,0x00000000a4f80000)
 Metaspace       used 43902K, capacity 46436K, committed 46848K, reserved 1089536K
  class space    used 6087K, capacity 6538K, committed 6656K, reserved 1048576K
Event: 10.504 GC heap after
Heap after GC invocations=12 (full 2):
 PSYoungGen      total 214016K, used 13228K [0x00000000e0300000, 0x00000000ee480000, 0x0000000100000000)
  eden space 200704K, 0% used [0x00000000e0300000,0x00000000e0300000,0x00000000ec700000)
  from space 13312K, 99% used [0x00000000ed780000,0x00000000ee46b358,0x00000000ee480000)
  to   space 14848K, 0% used [0x00000000ec780000,0x00000000ec780000,0x00000000ed600000)
 ParOldGen       total 73216K, used 19129K [0x00000000a0800000, 0x00000000a4f80000, 0x00000000e0300000)
  object space 73216K, 26% used [0x00000000a0800000,0x00000000a1aae6b0,0x00000000a4f80000)
 Metaspace       used 43902K, capacity 46436K, committed 46848K, reserved 1089536K
  class space    used 6087K, capacity 6538K, committed 6656K, reserved 1048576K
}
Event: 15.222 GC heap before
{Heap before GC invocations=13 (full 2):
 PSYoungGen      total 214016K, used 213932K [0x00000000e0300000, 0x00000000ee480000, 0x0000000100000000)
  eden space 200704K, 100% used [0x00000000e0300000,0x00000000ec700000,0x00000000ec700000)
  from space 13312K, 99% used [0x00000000ed780000,0x00000000ee46b358,0x00000000ee480000)
  to   space 14848K, 0% used [0x00000000ec780000,0x00000000ec780000,0x00000000ed600000)
 ParOldGen       total 73216K, used 19129K [0x00000000a0800000, 0x00000000a4f80000, 0x00000000e0300000)
  object space 73216K, 26% used [0x00000000a0800000,0x00000000a1aae6b0,0x00000000a4f80000)
 Metaspace       used 55040K, capacity 58004K, committed 58368K, reserved 1099776K
  class space    used 7846K, capacity 8375K, committed 8448K, reserved 1048576K
Event: 15.308 GC heap after
Heap after GC invocations=13 (full 2):
 PSYoungGen      total 216064K, used 14821K [0x00000000e0300000, 0x00000000f2480000, 0x0000000100000000)
  eden space 201216K, 0% used [0x00000000e0300000,0x00000000e0300000,0x00000000ec780000)
  from space 14848K, 99% used [0x00000000ec780000,0x00000000ed5f9638,0x00000000ed600000)
  to   space 18944K, 0% used [0x00000000f1200000,0x00000000f1200000,0x00000000f2480000)
 ParOldGen       total 73216K, used 24393K [0x00000000a0800000, 0x00000000a4f80000, 0x00000000e0300000)
  object space 73216K, 33% used [0x00000000a0800000,0x00000000a1fd24c0,0x00000000a4f80000)
 Metaspace       used 55040K, capacity 58004K, committed 58368K, reserved 1099776K
  class space    used 7846K, capacity 8375K, committed 8448K, reserved 1048576K
}
Event: 15.709 GC heap before
{Heap before GC invocations=14 (full 2):
 PSYoungGen      total 216064K, used 44279K [0x00000000e0300000, 0x00000000f2480000, 0x0000000100000000)
  eden space 201216K, 14% used [0x00000000e0300000,0x00000000e1fc47b0,0x00000000ec780000)
  from space 14848K, 99% used [0x00000000ec780000,0x00000000ed5f9638,0x00000000ed600000)
  to   space 18944K, 0% used [0x00000000f1200000,0x00000000f1200000,0x00000000f2480000)
 ParOldGen       total 73216K, used 24393K [0x00000000a0800000, 0x00000000a4f80000, 0x00000000e0300000)
  object space 73216K, 33% used [0x00000000a0800000,0x00000000a1fd24c0,0x00000000a4f80000)
 Metaspace       used 56037K, capacity 59000K, committed 59096K, reserved 1099776K
  class space    used 7983K, capacity 8525K, committed 8576K, reserved 1048576K
Event: 15.747 GC heap after
Heap after GC invocations=14 (full 2):
 PSYoungGen      total 277504K, used 1688K [0x00000000e0300000, 0x00000000f3400000, 0x0000000100000000)
  eden space 258560K, 0% used [0x00000000e0300000,0x00000000e0300000,0x00000000eff80000)
  from space 18944K, 8% used [0x00000000f1200000,0x00000000f13a6238,0x00000000f2480000)
  to   space 18944K, 0% used [0x00000000eff80000,0x00000000eff80000,0x00000000f1200000)
 ParOldGen       total 73216K, used 34831K [0x00000000a0800000, 0x00000000a4f80000, 0x00000000e0300000)
  object space 73216K, 47% used [0x00000000a0800000,0x00000000a2a03c40,0x00000000a4f80000)
 Metaspace       used 56037K, capacity 59000K, committed 59096K, reserved 1099776K
  class space    used 7983K, capacity 8525K, committed 8576K, reserved 1048576K
}
Event: 15.747 GC heap before
{Heap before GC invocations=15 (full 3):
 PSYoungGen      total 277504K, used 1688K [0x00000000e0300000, 0x00000000f3400000, 0x0000000100000000)
  eden space 258560K, 0% used [0x00000000e0300000,0x00000000e0300000,0x00000000eff80000)
  from space 18944K, 8% used [0x00000000f1200000,0x00000000f13a6238,0x00000000f2480000)
  to   space 18944K, 0% used [0x00000000eff80000,0x00000000eff80000,0x00000000f1200000)
 ParOldGen       total 73216K, used 34831K [0x00000000a0800000, 0x00000000a4f80000, 0x00000000e0300000)
  object space 73216K, 47% used [0x00000000a0800000,0x00000000a2a03c40,0x00000000a4f80000)
 Metaspace       used 56037K, capacity 59000K, committed 59096K, reserved 1099776K
  class space    used 7983K, capacity 8525K, committed 8576K, reserved 1048576K
Event: 16.093 GC heap after
Heap after GC invocations=15 (full 3):
 PSYoungGen      total 277504K, used 0K [0x00000000e0300000, 0x00000000f3400000, 0x0000000100000000)
  eden space 258560K, 0% used [0x00000000e0300000,0x00000000e0300000,0x00000000eff80000)
  from space 18944K, 0% used [0x00000000f1200000,0x00000000f1200000,0x00000000f2480000)
  to   space 18944K, 0% used [0x00000000eff80000,0x00000000eff80000,0x00000000f1200000)
 ParOldGen       total 98304K, used 25642K [0x00000000a0800000, 0x00000000a6800000, 0x00000000e0300000)
  object space 98304K, 26% used [0x00000000a0800000,0x00000000a210a810,0x00000000a6800000)
 Metaspace       used 56037K, capacity 59000K, committed 59096K, reserved 1099776K
  class space    used 7983K, capacity 8525K, committed 8576K, reserved 1048576K
}

Deoptimization events (0 events):
No events

Classes redefined (0 events):
No events

Internal exceptions (10 events):
Event: 45.826 Thread 0x000000001a9e0800 Exception <a 'java/lang/ClassNotFoundException': java/lang/ObjectCustomizer> (0x00000000e9e6b520) thrown at [C:\jenkins\workspace\zulu8-silver-build-win64\zulu-src\hotspot\src\share\vm\classfile\systemDictionary.cpp, line 215]
Event: 45.828 Thread 0x000000001a9e0800 Exception <a 'java/lang/ClassNotFoundException': by/home/hospital/dto/DoctorRegisterDtoCustomizer> (0x00000000e9e8b570) thrown at [C:\jenkins\workspace\zulu8-silver-build-win64\zulu-src\hotspot\src\share\vm\classfile\systemDictionary.cpp, line 215]
Event: 59.250 Thread 0x000000001a9e0800 Exception <a 'java/lang/ClassNotFoundException': java/lang/ObjectCustomizer> (0x00000000ea6130d8) thrown at [C:\jenkins\workspace\zulu8-silver-build-win64\zulu-src\hotspot\src\share\vm\classfile\systemDictionary.cpp, line 215]
Event: 59.251 Thread 0x000000001a9e0800 Exception <a 'java/lang/ClassNotFoundException': by/home/hospital/domain/CredentialsCustomizer> (0x00000000ea633cc8) thrown at [C:\jenkins\workspace\zulu8-silver-build-win64\zulu-src\hotspot\src\share\vm\classfile\systemDictionary.cpp, line 215]
Event: 59.311 Thread 0x000000001a9e0800 Exception <a 'java/lang/ClassNotFoundException': java/lang/ObjectCustomizer> (0x00000000ea9e5f10) thrown at [C:\jenkins\workspace\zulu8-silver-build-win64\zulu-src\hotspot\src\share\vm\classfile\systemDictionary.cpp, line 215]
Event: 59.313 Thread 0x000000001a9e0800 Exception <a 'java/lang/ClassNotFoundException': by/home/hospital/domain/UserCustomizer> (0x00000000eaa03390) thrown at [C:\jenkins\workspace\zulu8-silver-build-win64\zulu-src\hotspot\src\share\vm\classfile\systemDictionary.cpp, line 215]
Event: 67.786 Thread 0x000000001a9e9000 Exception <a 'java/lang/ArrayIndexOutOfBoundsException'> (0x00000000e9b03cf0) thrown at [C:\jenkins\workspace\zulu8-silver-build-win64\zulu-src\hotspot\src\share\vm\runtime\sharedRuntime.cpp, line 609]
Event: 68.070 Thread 0x000000001a9e9000 Exception <a 'java/lang/NoSuchMethodError': java.lang.Object.lambda$static$0(Lorg/hibernate/type/EntityType;Ljava/lang/Object;Lorg/hibernate/engine/spi/SharedSessionContractImplementor;Ljava/lang/Object;Ljava/lang/Boolean;)Ljava/lang/Object;> (0x00000000e
Event: 68.122 Thread 0x000000001a9e9000 Exception <a 'java/lang/ArrayIndexOutOfBoundsException'> (0x00000000ec140468) thrown at [C:\jenkins\workspace\zulu8-silver-build-win64\zulu-src\hotspot\src\share\vm\runtime\sharedRuntime.cpp, line 609]
Event: 135.619 Thread 0x000000001a9e2000 Exception <a 'java/lang/ArrayIndexOutOfBoundsException'> (0x00000000ec6fbf00) thrown at [C:\jenkins\workspace\zulu8-silver-build-win64\zulu-src\hotspot\src\share\vm\runtime\sharedRuntime.cpp, line 609]

Events (10 events):
Event: 144.757 Thread 0x000000001a9e1000 DEOPT PACKING pc=0x0000000003ccfdb4 sp=0x000000001ed97ec0
Event: 144.757 Thread 0x000000001a9e1000 DEOPT UNPACKING pc=0x00000000032a72d0 sp=0x000000001ed97ce0 mode 1
Event: 144.757 Thread 0x000000001a9e1000 DEOPT PACKING pc=0x0000000003ccfcfc sp=0x000000001ed98050
Event: 144.757 Thread 0x000000001a9e1000 DEOPT UNPACKING pc=0x00000000032a72d0 sp=0x000000001ed97e70 mode 1
Event: 144.759 Executing VM operation: RevokeBias
Event: 144.759 Executing VM operation: RevokeBias done
Event: 205.184 Executing VM operation: RevokeBias
Event: 205.184 Executing VM operation: RevokeBias done
Event: 205.184 Executing VM operation: RevokeBias
Event: 205.184 Executing VM operation: RevokeBias done


Dynamic libraries:
0x00007ff6526d0000 - 0x00007ff652705000 	C:\Program Files\Zulu\zulu-8\bin\java.exe
0x00007ffbd27a0000 - 0x00007ffbd2990000 	C:\Windows\SYSTEM32\ntdll.dll
0x00007ffbd1f10000 - 0x00007ffbd1fc2000 	C:\Windows\System32\KERNEL32.DLL
0x00007ffbd04c0000 - 0x00007ffbd0763000 	C:\Windows\System32\KERNELBASE.dll
0x00007ffbcd920000 - 0x00007ffbcd9af000 	C:\Windows\SYSTEM32\apphelp.dll
0x00007ffbd25a0000 - 0x00007ffbd2643000 	C:\Windows\System32\ADVAPI32.dll
0x00007ffbd0b80000 - 0x00007ffbd0c1e000 	C:\Windows\System32\msvcrt.dll
0x00007ffbd1e70000 - 0x00007ffbd1f07000 	C:\Windows\System32\sechost.dll
0x00007ffbd0a60000 - 0x00007ffbd0b80000 	C:\Windows\System32\RPCRT4.dll
0x00007ffbd0e50000 - 0x00007ffbd0fe4000 	C:\Windows\System32\USER32.dll
0x00007ffbcf880000 - 0x00007ffbcf8a1000 	C:\Windows\System32\win32u.dll
0x00007ffbd0d60000 - 0x00007ffbd0d86000 	C:\Windows\System32\GDI32.dll
0x00007ffbd02c0000 - 0x00007ffbd0454000 	C:\Windows\System32\gdi32full.dll
0x00007ffbcf900000 - 0x00007ffbcf99e000 	C:\Windows\System32\msvcp_win.dll
0x00007ffbcf9a0000 - 0x00007ffbcfa9a000 	C:\Windows\System32\ucrtbase.dll
0x00007ffbc6390000 - 0x00007ffbc6615000 	C:\Windows\WinSxS\amd64_microsoft.windows.common-controls_6595b64144ccf1df_6.0.18362.449_none_e6c7b265130c70a7\COMCTL32.dll
0x00007ffbd2260000 - 0x00007ffbd2596000 	C:\Windows\System32\combase.dll
0x00007ffbd0220000 - 0x00007ffbd02a0000 	C:\Windows\System32\bcryptPrimitives.dll
0x00007ffbd0da0000 - 0x00007ffbd0dce000 	C:\Windows\System32\IMM32.DLL
0x0000000054370000 - 0x0000000054442000 	C:\Program Files\Zulu\zulu-8\jre\bin\msvcr100.dll
0x0000000053ab0000 - 0x000000005436c000 	C:\Program Files\Zulu\zulu-8\jre\bin\server\jvm.dll
0x00007ffbd0c20000 - 0x00007ffbd0c28000 	C:\Windows\System32\PSAPI.DLL
0x00007ffbba990000 - 0x00007ffbba999000 	C:\Windows\SYSTEM32\WSOCK32.dll
0x00007ffbd0dd0000 - 0x00007ffbd0e3f000 	C:\Windows\System32\WS2_32.dll
0x00007ffbcd6d0000 - 0x00007ffbcd6f4000 	C:\Windows\SYSTEM32\WINMM.dll
0x00007ffbc7d30000 - 0x00007ffbc7d3a000 	C:\Windows\SYSTEM32\VERSION.dll
0x00007ffbcd660000 - 0x00007ffbcd68d000 	C:\Windows\SYSTEM32\WINMMBASE.dll
0x00007ffbcf8b0000 - 0x00007ffbcf8fa000 	C:\Windows\System32\cfgmgr32.dll
0x00007ffbbf4d0000 - 0x00007ffbbf4df000 	C:\Program Files\Zulu\zulu-8\jre\bin\verify.dll
0x00007ffbb1c60000 - 0x00007ffbb1c89000 	C:\Program Files\Zulu\zulu-8\jre\bin\java.dll
0x00007ffbc12c0000 - 0x00007ffbc12f5000 	C:\Program Files\Zulu\zulu-8\jre\bin\jdwp.dll
0x00007ffbcbf70000 - 0x00007ffbcbf78000 	C:\Program Files\Zulu\zulu-8\jre\bin\npt.dll
0x00007ffbc1290000 - 0x00007ffbc12b3000 	C:\Program Files\Zulu\zulu-8\jre\bin\instrument.dll
0x00007ffbb6df0000 - 0x00007ffbb6e06000 	C:\Program Files\Zulu\zulu-8\jre\bin\zip.dll
0x00007ffbd1700000 - 0x00007ffbd1de5000 	C:\Windows\System32\SHELL32.dll
0x00007ffbd26b0000 - 0x00007ffbd2759000 	C:\Windows\System32\shcore.dll
0x00007ffbcfaa0000 - 0x00007ffbd021e000 	C:\Windows\System32\windows.storage.dll
0x00007ffbcf680000 - 0x00007ffbcf69f000 	C:\Windows\System32\profapi.dll
0x00007ffbcf6e0000 - 0x00007ffbcf72a000 	C:\Windows\System32\powrprof.dll
0x00007ffbcf670000 - 0x00007ffbcf680000 	C:\Windows\System32\UMPDC.dll
0x00007ffbd0d00000 - 0x00007ffbd0d52000 	C:\Windows\System32\shlwapi.dll
0x00007ffbcf6c0000 - 0x00007ffbcf6d1000 	C:\Windows\System32\kernel.appcore.dll
0x00007ffbd02a0000 - 0x00007ffbd02b7000 	C:\Windows\System32\cryptsp.dll
0x00007ffbcbf40000 - 0x00007ffbcbf49000 	C:\Program Files\Zulu\zulu-8\jre\bin\dt_socket.dll
0x00007ffbceee0000 - 0x00007ffbcef47000 	C:\Windows\system32\mswsock.dll
0x00007ffbb1c40000 - 0x00007ffbb1c5a000 	C:\Program Files\Zulu\zulu-8\jre\bin\net.dll
0x00007ffbcec30000 - 0x00007ffbcecfa000 	C:\Windows\SYSTEM32\DNSAPI.dll
0x00007ffbd0d90000 - 0x00007ffbd0d98000 	C:\Windows\System32\NSI.dll
0x00007ffbcebf0000 - 0x00007ffbcec2a000 	C:\Windows\SYSTEM32\IPHLPAPI.DLL
0x00007ffbc37b0000 - 0x00007ffbc37ba000 	C:\Windows\System32\rasadhlp.dll
0x00007ffbc6aa0000 - 0x00007ffbc6b17000 	C:\Windows\System32\fwpuclnt.dll
0x00007ffbd0820000 - 0x00007ffbd0846000 	C:\Windows\System32\bcrypt.dll
0x00007ffbcbf80000 - 0x00007ffbcbf8d000 	C:\Program Files\Zulu\zulu-8\jre\bin\management.dll
0x00007ffba5db0000 - 0x00007ffba5dc1000 	C:\Program Files\Zulu\zulu-8\jre\bin\nio.dll
0x00007ffbcea50000 - 0x00007ffbcea83000 	C:\Windows\system32\rsaenh.dll
0x00007ffbcf560000 - 0x00007ffbcf585000 	C:\Windows\SYSTEM32\USERENV.dll
0x00007ffbcf0b0000 - 0x00007ffbcf0bc000 	C:\Windows\SYSTEM32\CRYPTBASE.dll
0x00007ffbc6ca0000 - 0x00007ffbc6cb6000 	C:\Windows\SYSTEM32\dhcpcsvc6.DLL
0x00007ffbc6c80000 - 0x00007ffbc6c9c000 	C:\Windows\SYSTEM32\dhcpcsvc.DLL
0x00007ffba5ca0000 - 0x00007ffba5cb6000 	C:\Windows\system32\napinsp.dll
0x00007ffba57f0000 - 0x00007ffba580a000 	C:\Windows\system32\pnrpnsp.dll
0x00007ffbbe550000 - 0x00007ffbbe55e000 	C:\Windows\System32\winrnr.dll
0x00007ffbcbe90000 - 0x00007ffbcbeac000 	C:\Windows\system32\NLAapi.dll
0x00007ffbbc7b0000 - 0x00007ffbbc7c5000 	C:\Windows\system32\wshbth.dll
0x00007ffbc9740000 - 0x00007ffbc9934000 	C:\Windows\SYSTEM32\dbghelp.dll

VM Arguments:
jvm_args: -agentlib:jdwp=transport=dt_socket,address=127.0.0.1:8022,suspend=y,server=n -XX:TieredStopAtLevel=1 -Xverify:none -Dspring.output.ansi.enabled=always -Dcom.sun.management.jmxremote -Dspring.jmx.enabled=true -Dspring.liveBeansView.mbeanDomain -Dspring.application.admin.enabled=true -javaagent:C:\Users\Jack\.IntelliJIdea2019.2\system\captureAgent\debugger-agent.jar -Dfile.encoding=UTF-8 
java_command: by.home.hospital.Starter
java_class_path (initial): C:\Program Files\Zulu\zulu-8\jre\lib\charsets.jar;C:\Program Files\Zulu\zulu-8\jre\lib\ext\access-bridge-64.jar;C:\Program Files\Zulu\zulu-8\jre\lib\ext\cldrdata.jar;C:\Program Files\Zulu\zulu-8\jre\lib\ext\dnsns.jar;C:\Program Files\Zulu\zulu-8\jre\lib\ext\jaccess.jar;C:\Program Files\Zulu\zulu-8\jre\lib\ext\localedata.jar;C:\Program Files\Zulu\zulu-8\jre\lib\ext\nashorn.jar;C:\Program Files\Zulu\zulu-8\jre\lib\ext\openjsse.jar;C:\Program Files\Zulu\zulu-8\jre\lib\ext\sunec.jar;C:\Program Files\Zulu\zulu-8\jre\lib\ext\sunjce_provider.jar;C:\Program Files\Zulu\zulu-8\jre\lib\ext\sunmscapi.jar;C:\Program Files\Zulu\zulu-8\jre\lib\ext\sunpkcs11.jar;C:\Program Files\Zulu\zulu-8\jre\lib\ext\zipfs.jar;C:\Program Files\Zulu\zulu-8\jre\lib\jce.jar;C:\Program Files\Zulu\zulu-8\jre\lib\jfr.jar;C:\Program Files\Zulu\zulu-8\jre\lib\jsse.jar;C:\Program Files\Zulu\zulu-8\jre\lib\management-agent.jar;C:\Program Files\Zulu\zulu-8\jre\lib\resources.jar;C:\Program Files\Zulu\zulu-8\jre\lib\rt.jar;E:\Projects\ResaulProject\target\classes;C:\Users\Jack\.m2\repository\commons-io\commons-io\2.6\commons-io-2.6.jar;C:\Users\Jack\.m2\repository\org\webjars\bootstrap\4.5.3\bootstrap-4.5.3.jar;C:\Users\Jack\.m2\repository\org\webjars\jquery\3.5.1\jquery-3.5.1.jar;C:\Users\Jack\.m2\repository\org\webjars\popper.js\1.16.0\popper.js-1.16.0.jar;C:\Users\Jack\.m2\repository\org\springframework\boot\spring-boot-starter-web\2.3.5.RELEASE\spring-boot-starter-web-2.3.5.RELEASE.jar;C:\Users\Jack\.m2\repository\org\springframework\boot\spring-boot-starter\2.3.5.RELEASE\spring-boot-starter-2.3.5.RELEASE.jar;C:\Users\Jack\.m2\repository\org\springframework\boot\spring-boot\2.3.5.RELEASE\spring-boot-2.3.5.RELEASE.jar;C:\Users\Jack\.m2\repository\org\springframework\spring-core\5.2.10.RELEASE\spring-core-5.2.10.RELEASE.jar;C:\Users\Jack\.m2\repository\org\springframework\spring-jcl\5.2.10.RELEASE\spring-jcl-5.2.10.RELEASE.jar;C:\Users\Jack\.m2\repository\org\springframework\spr
Launcher Type: SUN_STANDARD

Environment Variables:
JAVA_HOME=C:\Program Files\Zulu\zulu-8
CLASSPATH=.
PATH=C:\Program Files\PostgreSQL\12\bin;C:\Program Files\Zulu\zulu-8;C:\Program Files (x86)\NVIDIA Corporation\PhysX\Common;C:\Users\Jack\Desktop\apache-maven-3.6.3\bin;C:\Windows\system32;C:\Windows;C:\Windows\System32\Wbem;C:\Windows\System32\WindowsPowerShell\v1.0\;C:\Windows\System32\OpenSSH\;C:\Program Files\Zulu\zulu-8\bin\;C:\Program Files\Git\cmd;C:\Users\Jack\AppData\Local\Microsoft\WindowsApps
USERNAME=Jack
OS=Windows_NT
PROCESSOR_IDENTIFIER=Intel64 Family 6 Model 23 Stepping 10, GenuineIntel



---------------  S Y S T E M  ---------------

OS: Windows 10.0 , 64 bit Build 18362 (10.0.18362.329)

CPU:total 2 (initial active 2) (2 cores per cpu, 1 threads per core) family 6 model 23 stepping 10, cmov, cx8, fxsr, mmx, sse, sse2, sse3, ssse3, sse4.1, tsc

Memory: 4k page, physical 6255200k(273792k free), swap 16495200k(9050340k free)

vm_info: OpenJDK 64-Bit Server VM (25.252-b14) for windows-amd64 JRE (Zulu 8.46.0.19-CA-win64) (1.8.0_252-b14), built on Apr  4 2020 01:25:30 by "tester" with MS VC++ 10.0 (VS2010)

time: Sat Jan 09 20:17:07 2021
timezone: RTZ 2 (зима)
elapsed time: 397 seconds (0d 0h 6m 37s)

